  [4;36;1mSQL (0.4ms)[0m   [0;1m SELECT name
 FROM sqlite_master
 WHERE type = 'table' AND NOT name = 'sqlite_sequence'
[0m
  [4;35;1mSQL (0.2ms)[0m   [0mselect sqlite_version(*)[0m
  [4;36;1mSQL (2.4ms)[0m   [0;1mCREATE TABLE "schema_migrations" ("version" varchar(255) NOT NULL) [0m
  [4;35;1mSQL (2.2ms)[0m   [0mCREATE UNIQUE INDEX "unique_schema_migrations" ON "schema_migrations" ("version")[0m
  [4;36;1mSQL (0.2ms)[0m   [0;1m SELECT name
 FROM sqlite_master
 WHERE type = 'table' AND NOT name = 'sqlite_sequence'
[0m
  [4;35;1mSQL (0.1ms)[0m   [0mSELECT version FROM schema_migrations[0m
Migrating to CreatePposts (20091119034756)
  [4;36;1mSQL (0.5ms)[0m   [0;1mCREATE TABLE "pposts" ("id" INTEGER PRIMARY KEY AUTOINCREMENT NOT NULL, "bbody" text, "created_at" datetime, "updated_at" datetime) [0m
  [4;35;1mSQL (0.2ms)[0m   [0mINSERT INTO schema_migrations (version) VALUES ('20091119034756')[0m
  [4;36;1mSQL (0.2ms)[0m   [0;1m SELECT name
 FROM sqlite_master
 WHERE type = 'table' AND NOT name = 'sqlite_sequence'
[0m
  [4;35;1mSQL (0.2ms)[0m   [0mSELECT version FROM schema_migrations[0m
  [4;36;1mSQL (0.1ms)[0m   [0;1m SELECT name
 FROM sqlite_master
 WHERE type = 'table' AND NOT name = 'sqlite_sequence'
[0m
  [4;35;1mSQL (0.0ms)[0m   [0mPRAGMA index_list("pposts")[0m


Processing PpostsController#index (for 127.0.0.1 at 2009-11-18 19:48:45) [GET]
  [4;36;1mPpost Load (0.4ms)[0m   [0;1mSELECT * FROM "pposts" [0m
Rendering template within layouts/pposts
Rendering pposts/index
Completed in 32ms (View: 28, DB: 0) | 200 OK [http://localhost/pposts]


Processing PpostsController#new (for 127.0.0.1 at 2009-11-18 19:48:48) [GET]
Rendering template within layouts/pposts
Rendering pposts/new
Completed in 14ms (View: 10, DB: 0) | 200 OK [http://localhost/pposts/new]


Processing PpostsController#create (for 127.0.0.1 at 2009-11-18 19:48:55) [POST]
  Parameters: {"commit"=>"Create", "authenticity_token"=>"ZIgt2PSRAXiEwnJkx5oIvDE8MKkvV583+CgtxC6ksUI=", "ppost"=>{"bbody"=>"hello"}}
  [4;35;1mPpost Create (0.5ms)[0m   [0mINSERT INTO "pposts" ("created_at", "updated_at", "bbody") VALUES('2009-11-19 03:48:55', '2009-11-19 03:48:55', 'hello')[0m
Redirected to http://localhost:3000/pposts/1
Completed in 12ms (DB: 1) | 302 Found [http://localhost/pposts]


Processing PpostsController#show (for 127.0.0.1 at 2009-11-18 19:48:55) [GET]
  Parameters: {"id"=>"1"}
  [4;36;1mPpost Load (0.2ms)[0m   [0;1mSELECT * FROM "pposts" WHERE ("pposts"."id" = 1) [0m
Rendering template within layouts/pposts
Rendering pposts/show
Completed in 11ms (View: 7, DB: 0) | 200 OK [http://localhost/pposts/1]
  [4;36;1mSQL (0.5ms)[0m   [0;1m SELECT name
 FROM sqlite_master
 WHERE type = 'table' AND NOT name = 'sqlite_sequence'
[0m
  [4;35;1mSQL (0.1ms)[0m   [0mSELECT version FROM schema_migrations[0m
Migrating to CreatePposts (20091119034756)
Migrating to CreateAadmins (20091119035109)
  [4;36;1mSQL (0.1ms)[0m   [0;1mselect sqlite_version(*)[0m
  [4;35;1mSQL (0.6ms)[0m   [0mCREATE TABLE "aadmins" ("id" INTEGER PRIMARY KEY AUTOINCREMENT NOT NULL, "bbody" text, "created_at" datetime, "updated_at" datetime) [0m
  [4;36;1mSQL (0.1ms)[0m   [0;1mINSERT INTO schema_migrations (version) VALUES ('20091119035109')[0m
  [4;35;1mSQL (0.3ms)[0m   [0m SELECT name
 FROM sqlite_master
 WHERE type = 'table' AND NOT name = 'sqlite_sequence'
[0m
  [4;36;1mSQL (0.1ms)[0m   [0;1mSELECT version FROM schema_migrations[0m
  [4;35;1mSQL (0.2ms)[0m   [0m SELECT name
 FROM sqlite_master
 WHERE type = 'table' AND NOT name = 'sqlite_sequence'
[0m
  [4;36;1mSQL (0.1ms)[0m   [0;1mPRAGMA index_list("aadmins")[0m
  [4;35;1mSQL (0.0ms)[0m   [0mPRAGMA index_list("pposts")[0m


Processing ApplicationController#index (for 127.0.0.1 at 2009-11-18 19:52:26) [GET]

ActionController::RoutingError (No route matches "/" with {:method=>:get}):
  

Rendering rescues/layout (not_found)
  [4;36;1mSQL (0.2ms)[0m   [0;1m SELECT name
 FROM sqlite_master
 WHERE type = 'table' AND NOT name = 'sqlite_sequence'
[0m
  [4;35;1mSQL (0.1ms)[0m   [0mselect sqlite_version(*)[0m
  [4;36;1mSQL (3.4ms)[0m   [0;1mCREATE TABLE "schema_migrations" ("version" varchar(255) NOT NULL) [0m
  [4;35;1mSQL (2.2ms)[0m   [0mCREATE UNIQUE INDEX "unique_schema_migrations" ON "schema_migrations" ("version")[0m
  [4;36;1mSQL (0.4ms)[0m   [0;1m SELECT name
 FROM sqlite_master
 WHERE type = 'table' AND NOT name = 'sqlite_sequence'
[0m
  [4;35;1mSQL (0.2ms)[0m   [0mSELECT version FROM schema_migrations[0m
Migrating to CreatePposts (20091119034756)
  [4;36;1mSQL (0.5ms)[0m   [0;1mCREATE TABLE "pposts" ("id" INTEGER PRIMARY KEY AUTOINCREMENT NOT NULL, "bbody" text, "pkey" varchar(255), "created_at" datetime, "updated_at" datetime) [0m
  [4;35;1mSQL (0.1ms)[0m   [0mINSERT INTO schema_migrations (version) VALUES ('20091119034756')[0m
Migrating to CreateAadmins (20091119035109)
  [4;36;1mSQL (0.4ms)[0m   [0;1mCREATE TABLE "aadmins" ("id" INTEGER PRIMARY KEY AUTOINCREMENT NOT NULL, "bbody" text, "created_at" datetime, "updated_at" datetime) [0m
  [4;35;1mSQL (0.1ms)[0m   [0mINSERT INTO schema_migrations (version) VALUES ('20091119035109')[0m
  [4;36;1mSQL (0.3ms)[0m   [0;1m SELECT name
 FROM sqlite_master
 WHERE type = 'table' AND NOT name = 'sqlite_sequence'
[0m
  [4;35;1mSQL (0.1ms)[0m   [0mSELECT version FROM schema_migrations[0m
  [4;36;1mSQL (0.2ms)[0m   [0;1m SELECT name
 FROM sqlite_master
 WHERE type = 'table' AND NOT name = 'sqlite_sequence'
[0m
  [4;35;1mSQL (0.0ms)[0m   [0mPRAGMA index_list("aadmins")[0m
  [4;36;1mSQL (0.0ms)[0m   [0;1mPRAGMA index_list("pposts")[0m


Processing PpostsController#index (for 127.0.0.1 at 2009-11-18 19:55:01) [GET]
  [4;36;1mPpost Load (0.4ms)[0m   [0;1mSELECT * FROM "pposts" [0m
Rendering template within layouts/pposts
Rendering pposts/index
Completed in 25ms (View: 21, DB: 0) | 200 OK [http://localhost/pposts]


Processing PpostsController#new (for 127.0.0.1 at 2009-11-18 19:55:04) [GET]
Rendering template within layouts/pposts
Rendering pposts/new
Completed in 13ms (View: 9, DB: 0) | 200 OK [http://localhost/pposts/new]
  [4;36;1mSQL (0.5ms)[0m   [0;1m SELECT name
 FROM sqlite_master
 WHERE type = 'table' AND NOT name = 'sqlite_sequence'
[0m
  [4;35;1mSQL (0.1ms)[0m   [0mSELECT version FROM schema_migrations[0m
Migrating to CreateAadmins (20091119035109)
Migrating to CreatePposts (20091119035616)
  [4;36;1mSQL (0.1ms)[0m   [0;1mselect sqlite_version(*)[0m
  [4;35;1mSQL (0.0ms)[0m   [0mSQLite3::SQLException: table "pposts" already exists: CREATE TABLE "pposts" ("id" INTEGER PRIMARY KEY AUTOINCREMENT NOT NULL, "bbody" text, "pkey" varchar(255), "created_at" datetime, "updated_at" datetime) [0m
  [4;36;1mSQL (0.3ms)[0m   [0;1m SELECT name
 FROM sqlite_master
 WHERE type = 'table' AND NOT name = 'sqlite_sequence'
[0m
  [4;35;1mSQL (0.2ms)[0m   [0mselect sqlite_version(*)[0m
  [4;36;1mSQL (2.0ms)[0m   [0;1mCREATE TABLE "schema_migrations" ("version" varchar(255) NOT NULL) [0m
  [4;35;1mSQL (2.1ms)[0m   [0mCREATE UNIQUE INDEX "unique_schema_migrations" ON "schema_migrations" ("version")[0m
  [4;36;1mSQL (0.3ms)[0m   [0;1m SELECT name
 FROM sqlite_master
 WHERE type = 'table' AND NOT name = 'sqlite_sequence'
[0m
  [4;35;1mSQL (0.2ms)[0m   [0mSELECT version FROM schema_migrations[0m
Migrating to CreateAadmins (20091119035109)
  [4;36;1mSQL (0.5ms)[0m   [0;1mCREATE TABLE "aadmins" ("id" INTEGER PRIMARY KEY AUTOINCREMENT NOT NULL, "bbody" text, "created_at" datetime, "updated_at" datetime) [0m
  [4;35;1mSQL (0.1ms)[0m   [0mINSERT INTO schema_migrations (version) VALUES ('20091119035109')[0m
Migrating to CreatePposts (20091119035616)
  [4;36;1mSQL (0.4ms)[0m   [0;1mCREATE TABLE "pposts" ("id" INTEGER PRIMARY KEY AUTOINCREMENT NOT NULL, "bbody" text, "pkey" varchar(255), "created_at" datetime, "updated_at" datetime) [0m
  [4;35;1mSQL (0.1ms)[0m   [0mINSERT INTO schema_migrations (version) VALUES ('20091119035616')[0m
  [4;36;1mSQL (0.3ms)[0m   [0;1m SELECT name
 FROM sqlite_master
 WHERE type = 'table' AND NOT name = 'sqlite_sequence'
[0m
  [4;35;1mSQL (0.1ms)[0m   [0mSELECT version FROM schema_migrations[0m
  [4;36;1mSQL (0.2ms)[0m   [0;1m SELECT name
 FROM sqlite_master
 WHERE type = 'table' AND NOT name = 'sqlite_sequence'
[0m
  [4;35;1mSQL (0.0ms)[0m   [0mPRAGMA index_list("aadmins")[0m
  [4;36;1mSQL (0.0ms)[0m   [0;1mPRAGMA index_list("pposts")[0m


Processing PpostsController#index (for 127.0.0.1 at 2009-11-18 19:56:59) [GET]
  [4;36;1mPpost Load (0.4ms)[0m   [0;1mSELECT * FROM "pposts" [0m
Rendering template within layouts/pposts
Rendering pposts/index
Completed in 26ms (View: 21, DB: 0) | 200 OK [http://localhost/pposts/]


Processing PpostsController#new (for 127.0.0.1 at 2009-11-18 19:57:02) [GET]
Rendering template within layouts/pposts
Rendering pposts/new
Completed in 14ms (View: 10, DB: 0) | 200 OK [http://localhost/pposts/new]


Processing PpostsController#create (for 127.0.0.1 at 2009-11-18 19:57:17) [POST]
  Parameters: {"commit"=>"Create", "authenticity_token"=>"ZIgt2PSRAXiEwnJkx5oIvDE8MKkvV583+CgtxC6ksUI=", "ppost"=>{"bbody"=>"hi it is me", "pkey"=>"pk1"}}
  [4;35;1mPpost Create (0.5ms)[0m   [0mINSERT INTO "pposts" ("created_at", "updated_at", "bbody", "pkey") VALUES('2009-11-19 03:57:17', '2009-11-19 03:57:17', 'hi it is me', 'pk1')[0m
Redirected to http://localhost:3000/pposts/1
Completed in 12ms (DB: 1) | 302 Found [http://localhost/pposts]


Processing PpostsController#show (for 127.0.0.1 at 2009-11-18 19:57:17) [GET]
  Parameters: {"id"=>"1"}
  [4;36;1mPpost Load (0.2ms)[0m   [0;1mSELECT * FROM "pposts" WHERE ("pposts"."id" = 1) [0m
Rendering template within layouts/pposts
Rendering pposts/show
Completed in 13ms (View: 7, DB: 0) | 200 OK [http://localhost/pposts/1]


Processing ApplicationController#index (for 127.0.0.1 at 2009-11-18 21:13:15) [GET]

ActionController::RoutingError (No route matches "/xyz" with {:method=>:get}):
  

Rendering rescues/layout (not_found)


Processing ApplicationController#index (for 127.0.0.1 at 2009-11-18 21:13:35) [GET]

ActionController::RoutingError (No route matches "/pkey" with {:method=>:get}):
  

Rendering rescues/layout (not_found)


Processing AadminsController#index (for 127.0.0.1 at 2009-11-18 21:13:57) [GET]
  [4;36;1mAadmin Load (0.5ms)[0m   [0;1mSELECT * FROM "aadmins" [0m
Rendering template within layouts/aadmins
Rendering aadmins/index
Completed in 26ms (View: 21, DB: 0) | 200 OK [http://localhost/aadmins]


Processing PpostsController#find_it (for 127.0.0.1 at 2009-11-18 21:41:00) [GET]
  Parameters: {"pkey"=>["helloworkd"]}

ActionView::MissingTemplate (Missing template pposts/find_it.erb in view path app/views):
  

Rendering rescues/layout (internal_server_error)


Processing PpostsController#find_it (for 127.0.0.1 at 2009-11-18 21:44:23) [GET]
  Parameters: {"pkey"=>["helloworkd"]}
  [4;36;1mPpost Load (0.6ms)[0m   [0;1mSELECT * FROM "pposts" WHERE ("pposts"."pkey" IN ('helloworkd')) LIMIT 1[0m

ActiveRecord::RecordNotFound (Couldn't find Ppost without an ID):
  app/controllers/pposts_controller.rb:23:in `show'
  app/controllers/pposts_controller.rb:6:in `find_it'

Rendered rescues/_trace (32.1ms)
Rendered rescues/_request_and_response (1.2ms)
Rendering rescues/layout (not_found)


Processing PpostsController#index (for 127.0.0.1 at 2009-11-18 21:45:44) [GET]
  [4;36;1mPpost Load (0.7ms)[0m   [0;1mSELECT * FROM "pposts" [0m
Rendering template within layouts/pposts
Rendering pposts/index
Completed in 32ms (View: 27, DB: 1) | 200 OK [http://localhost/pposts]


Processing PpostsController#find_it (for 127.0.0.1 at 2009-11-18 21:45:53) [GET]
  Parameters: {"pkey"=>["pk1"]}
  [4;35;1mPpost Load (0.8ms)[0m   [0mSELECT * FROM "pposts" WHERE ("pposts"."pkey" IN ('pk1')) LIMIT 1[0m

ActiveRecord::RecordNotFound (Couldn't find Ppost without an ID):
  app/controllers/pposts_controller.rb:23:in `show'
  app/controllers/pposts_controller.rb:6:in `find_it'

Rendered rescues/_trace (34.0ms)
Rendered rescues/_request_and_response (1.3ms)
Rendering rescues/layout (not_found)


Processing PpostsController#find_it (for 127.0.0.1 at 2009-11-18 21:46:48) [GET]
  Parameters: {"pkey"=>["pk1"]}

***** Debugger requested, but was not available: Start server with --debugger to enable *****
  [4;36;1mPpost Load (0.6ms)[0m   [0;1mSELECT * FROM "pposts" WHERE ("pposts"."pkey" IN ('pk1')) LIMIT 1[0m

ActiveRecord::RecordNotFound (Couldn't find Ppost without an ID):
  app/controllers/pposts_controller.rb:24:in `show'
  app/controllers/pposts_controller.rb:7:in `find_it'

Rendered rescues/_trace (96.3ms)
Rendered rescues/_request_and_response (0.3ms)
Rendering rescues/layout (not_found)


Processing PpostsController#find_it (for 127.0.0.1 at 2009-11-18 21:47:04) [GET]
  Parameters: {"pkey"=>["pk1"]}
  [4;36;1mPpost Load (0.3ms)[0m   [0;1mSELECT * FROM "pposts" WHERE ("pposts"."pkey" = 'pk1') LIMIT 1[0m
  [4;35;1mPpost Load (0.8ms)[0m   [0mSELECT * FROM "pposts" WHERE ("pposts"."pkey" IN ('pk1')) LIMIT 1[0m

ActiveRecord::RecordNotFound (Couldn't find Ppost without an ID):
  app/controllers/pposts_controller.rb:24:in `show'
  app/controllers/pposts_controller.rb:7:in `find_it'

Rendered rescues/_trace (100.0ms)
Rendered rescues/_request_and_response (1.4ms)
Rendering rescues/layout (not_found)


Processing PpostsController#find_it (for 127.0.0.1 at 2009-11-18 21:49:16) [GET]
  Parameters: {"pkey"=>["pk1"]}
  [4;36;1mPpost Load (0.3ms)[0m   [0;1mSELECT * FROM "pposts" WHERE ("pposts"."pkey" = 'pk1') LIMIT 1[0m

ActiveRecord::RecordNotFound (Couldn't find Ppost without an ID):
  app/controllers/pposts_controller.rb:24:in `show'
  app/controllers/pposts_controller.rb:7:in `find_it'

Rendered rescues/_trace (46.1ms)
Rendered rescues/_request_and_response (0.3ms)
Rendering rescues/layout (not_found)


Processing PpostsController#find_it (for 127.0.0.1 at 2009-11-18 21:49:32) [GET]
  Parameters: {"pkey"=>["pk1"]}
  [4;36;1mPpost Load (0.3ms)[0m   [0;1mSELECT * FROM "pposts" WHERE ("pposts"."pkey" = 'pk1') LIMIT 1[0m

ActiveRecord::RecordNotFound (Couldn't find Ppost without an ID):
  app/controllers/pposts_controller.rb:24:in `show'
  app/controllers/pposts_controller.rb:7:in `find_it'

Rendered rescues/_trace (99.3ms)
Rendered rescues/_request_and_response (1.5ms)
Rendering rescues/layout (not_found)


Processing PpostsController#find_it (for 127.0.0.1 at 2009-11-18 21:50:32) [GET]
  Parameters: {"pkey"=>["pk1"]}
  [4;35;1mPpost Load (0.3ms)[0m   [0mSELECT * FROM "pposts" WHERE ("pposts"."pkey" = 'pk1') LIMIT 1[0m


Processing PpostsController#find_it (for 127.0.0.1 at 2009-11-18 21:52:56) [GET]
  Parameters: {"pkey"=>["pk1"]}
  [4;36;1mPpost Load (0.4ms)[0m   [0;1mSELECT * FROM "pposts" WHERE ("pposts"."pkey" = 'pk1') LIMIT 1[0m
Rendering template within layouts/pposts
Rendering pposts/find_it
Completed in 1398ms (View: 29, DB: 0) | 200 OK [http://localhost/pk1]
